<?xml version="1.0" encoding="UTF-8"?>
<!-- Generated by org.testng.reporters.JUnitReportReporter -->
<testsuite hostname="Pczin" failures="0" tests="2" name="com.selenium.tests.Tests" time="0.007" errors="0" timestamp="2021-06-06T10:37:27 BRT" skipped="0">
  <testcase classname="com.selenium.tests.Tests" name="elementsCheck" time="0.006"/>
  <system-out/>
  <testcase classname="com.selenium.tests.Tests" name="linkTest" time="0.001"/>
  <system-out/>
</testsuite> <!-- com.selenium.tests.Tests -->
